This file contains any messages produced by compilers while
running configure, to aid debugging if configure makes a mistake.

It was created by sparsehash configure 1.4, which was
generated by GNU Autoconf 2.59.  Invocation command line was

  $ ./configure --prefix=/Users/rhenna/Documents/school/n-player se/

## --------- ##
## Platform. ##
## --------- ##

hostname = rhenna-3.local
uname -m = i386
uname -r = 9.6.0
uname -s = Darwin
uname -v = Darwin Kernel Version 9.6.0: Mon Nov 24 17:37:00 PST 2008; root:xnu-1228.9.59~1/RELEASE_I386

/usr/bin/uname -p = i386
/bin/uname -X     = unknown

/bin/arch              = unknown
/usr/bin/arch -k       = unknown
/usr/convex/getsysinfo = unknown
hostinfo               = Mach kernel version:
	 Darwin Kernel Version 9.6.0: Mon Nov 24 17:37:00 PST 2008; root:xnu-1228.9.59~1/RELEASE_I386
Kernel configured for up to 2 processors.
2 processors are physically available.
2 processors are logically available.
Processor type: i486 (Intel 80486)
Processors active: 0 1
Primary memory available: 4.00 gigabytes
Default processor set: 71 tasks, 293 threads, 2 processors
Load average: 0.46, Mach factor: 1.53
/bin/machine           = unknown
/usr/bin/oslevel       = unknown
/bin/universe          = unknown

PATH: /usr/bin
PATH: /bin
PATH: /usr/sbin
PATH: /sbin
PATH: /usr/local/bin
PATH: /usr/texbin
PATH: /usr/X11/bin


## ----------- ##
## Core tests. ##
## ----------- ##

configure:1378: checking for a BSD-compatible install
configure:1433: result: /usr/bin/install -c
configure:1444: checking whether build environment is sane
configure:1487: result: yes
configure:1511: WARNING: `missing' script is too old or missing
configure:1552: checking for gawk
configure:1581: result: no
configure:1552: checking for mawk
configure:1581: result: no
configure:1552: checking for nawk
configure:1581: result: no
configure:1552: checking for awk
configure:1568: found /usr/bin/awk
configure:1578: result: awk
configure:1588: checking whether make sets $(MAKE)
configure:1608: result: yes
configure:1826: checking for gcc
configure:1842: found /usr/bin/gcc
configure:1852: result: gcc
configure:2096: checking for C compiler version
configure:2099: gcc --version </dev/null >&5
i686-apple-darwin9-gcc-4.0.1 (GCC) 4.0.1 (Apple Inc. build 5490)
Copyright (C) 2005 Free Software Foundation, Inc.
This is free software; see the source for copying conditions.  There is NO
warranty; not even for MERCHANTABILITY or FITNESS FOR A PARTICULAR PURPOSE.

configure:2102: $? = 0
configure:2104: gcc -v </dev/null >&5
Using built-in specs.
Target: i686-apple-darwin9
Configured with: /var/tmp/gcc/gcc-5490~1/src/configure --disable-checking -enable-werror --prefix=/usr --mandir=/share/man --enable-languages=c,objc,c++,obj-c++ --program-transform-name=/^[cg][^.-]*$/s/$/-4.0/ --with-gxx-include-dir=/include/c++/4.0.0 --with-slibdir=/usr/lib --build=i686-apple-darwin9 --with-arch=apple --with-tune=generic --host=i686-apple-darwin9 --target=i686-apple-darwin9
Thread model: posix
gcc version 4.0.1 (Apple Inc. build 5490)
configure:2107: $? = 0
configure:2109: gcc -V </dev/null >&5
gcc-4.0: argument to `-V' is missing
configure:2112: $? = 1
configure:2135: checking for C compiler default output file name
configure:2138: gcc    conftest.c  >&5
configure:2141: $? = 0
configure:2187: result: a.out
configure:2192: checking whether the C compiler works
configure:2198: ./a.out
configure:2201: $? = 0
configure:2218: result: yes
configure:2225: checking whether we are cross compiling
configure:2227: result: no
configure:2230: checking for suffix of executables
configure:2232: gcc -o conftest    conftest.c  >&5
configure:2235: $? = 0
configure:2260: result: 
configure:2266: checking for suffix of object files
configure:2287: gcc -c   conftest.c >&5
configure:2290: $? = 0
configure:2312: result: o
configure:2316: checking whether we are using the GNU C compiler
configure:2340: gcc -c   conftest.c >&5
configure:2346: $? = 0
configure:2349: test -z 			 || test ! -s conftest.err
configure:2352: $? = 0
configure:2355: test -s conftest.o
configure:2358: $? = 0
configure:2371: result: yes
configure:2377: checking whether gcc accepts -g
configure:2398: gcc -c -g  conftest.c >&5
configure:2404: $? = 0
configure:2407: test -z 			 || test ! -s conftest.err
configure:2410: $? = 0
configure:2413: test -s conftest.o
configure:2416: $? = 0
configure:2427: result: yes
configure:2444: checking for gcc option to accept ANSI C
configure:2514: gcc  -c -g -O2  conftest.c >&5
configure:2520: $? = 0
configure:2523: test -z 			 || test ! -s conftest.err
configure:2526: $? = 0
configure:2529: test -s conftest.o
configure:2532: $? = 0
configure:2550: result: none needed
configure:2568: gcc -c -g -O2  conftest.c >&5
conftest.c:2: error: syntax error before 'me'
configure:2574: $? = 1
configure: failed program was:
| #ifndef __cplusplus
|   choke me
| #endif
configure:2715: checking for style of include used by make
configure:2743: result: GNU
configure:2771: checking dependency style of gcc
configure:2861: result: gcc3
configure:2883: checking how to run the C preprocessor
configure:2918: gcc -E  conftest.c
configure:2924: $? = 0
configure:2956: gcc -E  conftest.c
conftest.c:11:28: error: ac_nonexistent.h: No such file or directory
configure:2962: $? = 1
configure: failed program was:
| /* confdefs.h.  */
| 
| #define PACKAGE_NAME "sparsehash"
| #define PACKAGE_TARNAME "sparsehash"
| #define PACKAGE_VERSION "1.4"
| #define PACKAGE_STRING "sparsehash 1.4"
| #define PACKAGE_BUGREPORT "opensource@google.com"
| #define PACKAGE "sparsehash"
| #define VERSION "1.4"
| /* end confdefs.h.  */
| #include <ac_nonexistent.h>
configure:3001: result: gcc -E
configure:3025: gcc -E  conftest.c
configure:3031: $? = 0
configure:3063: gcc -E  conftest.c
conftest.c:11:28: error: ac_nonexistent.h: No such file or directory
configure:3069: $? = 1
configure: failed program was:
| /* confdefs.h.  */
| 
| #define PACKAGE_NAME "sparsehash"
| #define PACKAGE_TARNAME "sparsehash"
| #define PACKAGE_VERSION "1.4"
| #define PACKAGE_STRING "sparsehash 1.4"
| #define PACKAGE_BUGREPORT "opensource@google.com"
| #define PACKAGE "sparsehash"
| #define VERSION "1.4"
| /* end confdefs.h.  */
| #include <ac_nonexistent.h>
configure:3164: checking for g++
configure:3180: found /usr/bin/g++
configure:3190: result: g++
configure:3206: checking for C++ compiler version
configure:3209: g++ --version </dev/null >&5
i686-apple-darwin9-g++-4.0.1 (GCC) 4.0.1 (Apple Inc. build 5490)
Copyright (C) 2005 Free Software Foundation, Inc.
This is free software; see the source for copying conditions.  There is NO
warranty; not even for MERCHANTABILITY or FITNESS FOR A PARTICULAR PURPOSE.

configure:3212: $? = 0
configure:3214: g++ -v </dev/null >&5
Using built-in specs.
Target: i686-apple-darwin9
Configured with: /var/tmp/gcc/gcc-5490~1/src/configure --disable-checking -enable-werror --prefix=/usr --mandir=/share/man --enable-languages=c,objc,c++,obj-c++ --program-transform-name=/^[cg][^.-]*$/s/$/-4.0/ --with-gxx-include-dir=/include/c++/4.0.0 --with-slibdir=/usr/lib --build=i686-apple-darwin9 --with-arch=apple --with-tune=generic --host=i686-apple-darwin9 --target=i686-apple-darwin9
Thread model: posix
gcc version 4.0.1 (Apple Inc. build 5490)
configure:3217: $? = 0
configure:3219: g++ -V </dev/null >&5
g++-4.0: argument to `-V' is missing
configure:3222: $? = 1
configure:3225: checking whether we are using the GNU C++ compiler
configure:3249: g++ -c   conftest.cc >&5
configure:3255: $? = 0
configure:3258: test -z 			 || test ! -s conftest.err
configure:3261: $? = 0
configure:3264: test -s conftest.o
configure:3267: $? = 0
configure:3280: result: yes
configure:3286: checking whether g++ accepts -g
configure:3307: g++ -c -g  conftest.cc >&5
configure:3313: $? = 0
configure:3316: test -z 			 || test ! -s conftest.err
configure:3319: $? = 0
configure:3322: test -s conftest.o
configure:3325: $? = 0
configure:3336: result: yes
configure:3378: g++ -c -g -O2  conftest.cc >&5
configure:3384: $? = 0
configure:3387: test -z 			 || test ! -s conftest.err
configure:3390: $? = 0
configure:3393: test -s conftest.o
configure:3396: $? = 0
configure:3422: g++ -c -g -O2  conftest.cc >&5
conftest.cc: In function 'int main()':
conftest.cc:15: error: 'exit' was not declared in this scope
configure:3428: $? = 1
configure: failed program was:
| /* confdefs.h.  */
| 
| #define PACKAGE_NAME "sparsehash"
| #define PACKAGE_TARNAME "sparsehash"
| #define PACKAGE_VERSION "1.4"
| #define PACKAGE_STRING "sparsehash 1.4"
| #define PACKAGE_BUGREPORT "opensource@google.com"
| #define PACKAGE "sparsehash"
| #define VERSION "1.4"
| /* end confdefs.h.  */
| 
| int
| main ()
| {
| exit (42);
|   ;
|   return 0;
| }
configure:3378: g++ -c -g -O2  conftest.cc >&5
/usr/include/stdlib.h:159: error: declaration of 'void std::exit(int)' throws different exceptions
conftest.cc:11: error: than previous declaration 'void std::exit(int) throw ()'
configure:3384: $? = 1
configure: failed program was:
| /* confdefs.h.  */
| 
| #define PACKAGE_NAME "sparsehash"
| #define PACKAGE_TARNAME "sparsehash"
| #define PACKAGE_VERSION "1.4"
| #define PACKAGE_STRING "sparsehash 1.4"
| #define PACKAGE_BUGREPORT "opensource@google.com"
| #define PACKAGE "sparsehash"
| #define VERSION "1.4"
| /* end confdefs.h.  */
| extern "C" void std::exit (int) throw (); using std::exit;
| #include <stdlib.h>
| int
| main ()
| {
| exit (42);
|   ;
|   return 0;
| }
configure:3378: g++ -c -g -O2  conftest.cc >&5
configure:3384: $? = 0
configure:3387: test -z 			 || test ! -s conftest.err
configure:3390: $? = 0
configure:3393: test -s conftest.o
configure:3396: $? = 0
configure:3422: g++ -c -g -O2  conftest.cc >&5
configure:3428: $? = 0
configure:3431: test -z 			 || test ! -s conftest.err
configure:3434: $? = 0
configure:3437: test -s conftest.o
configure:3440: $? = 0
configure:3465: checking dependency style of g++
configure:3555: result: gcc3
configure:3586: checking for egrep
configure:3596: result: grep -E
configure:3601: checking for ANSI C header files
configure:3626: gcc -c -g -O2  conftest.c >&5
configure:3632: $? = 0
configure:3635: test -z 			 || test ! -s conftest.err
configure:3638: $? = 0
configure:3641: test -s conftest.o
configure:3644: $? = 0
configure:3733: gcc -o conftest -g -O2   conftest.c  >&5
conftest.c: In function 'main':
conftest.c:31: warning: incompatible implicit declaration of built-in function 'exit'
configure:3736: $? = 0
configure:3738: ./conftest
configure:3741: $? = 0
configure:3756: result: yes
configure:3771: checking for memcpy
configure:3828: gcc -o conftest -g -O2   conftest.c  >&5
conftest.c:39: warning: conflicting types for built-in function 'memcpy'
configure:3834: $? = 0
configure:3837: test -z 			 || test ! -s conftest.err
configure:3840: $? = 0
configure:3843: test -s conftest
configure:3846: $? = 0
configure:3858: result: yes
configure:3771: checking for memmove
configure:3828: gcc -o conftest -g -O2   conftest.c  >&5
conftest.c:40: warning: conflicting types for built-in function 'memmove'
configure:3834: $? = 0
configure:3837: test -z 			 || test ! -s conftest.err
configure:3840: $? = 0
configure:3843: test -s conftest
configure:3846: $? = 0
configure:3858: result: yes
configure:3882: checking for sys/types.h
configure:3898: gcc -c -g -O2  conftest.c >&5
configure:3904: $? = 0
configure:3907: test -z 			 || test ! -s conftest.err
configure:3910: $? = 0
configure:3913: test -s conftest.o
configure:3916: $? = 0
configure:3927: result: yes
configure:3882: checking for sys/stat.h
configure:3898: gcc -c -g -O2  conftest.c >&5
configure:3904: $? = 0
configure:3907: test -z 			 || test ! -s conftest.err
configure:3910: $? = 0
configure:3913: test -s conftest.o
configure:3916: $? = 0
configure:3927: result: yes
configure:3882: checking for stdlib.h
configure:3898: gcc -c -g -O2  conftest.c >&5
configure:3904: $? = 0
configure:3907: test -z 			 || test ! -s conftest.err
configure:3910: $? = 0
configure:3913: test -s conftest.o
configure:3916: $? = 0
configure:3927: result: yes
configure:3882: checking for string.h
configure:3898: gcc -c -g -O2  conftest.c >&5
configure:3904: $? = 0
configure:3907: test -z 			 || test ! -s conftest.err
configure:3910: $? = 0
configure:3913: test -s conftest.o
configure:3916: $? = 0
configure:3927: result: yes
configure:3882: checking for memory.h
configure:3898: gcc -c -g -O2  conftest.c >&5
configure:3904: $? = 0
configure:3907: test -z 			 || test ! -s conftest.err
configure:3910: $? = 0
configure:3913: test -s conftest.o
configure:3916: $? = 0
configure:3927: result: yes
configure:3882: checking for strings.h
configure:3898: gcc -c -g -O2  conftest.c >&5
configure:3904: $? = 0
configure:3907: test -z 			 || test ! -s conftest.err
configure:3910: $? = 0
configure:3913: test -s conftest.o
configure:3916: $? = 0
configure:3927: result: yes
configure:3882: checking for inttypes.h
configure:3898: gcc -c -g -O2  conftest.c >&5
configure:3904: $? = 0
configure:3907: test -z 			 || test ! -s conftest.err
configure:3910: $? = 0
configure:3913: test -s conftest.o
configure:3916: $? = 0
configure:3927: result: yes
configure:3882: checking for stdint.h
configure:3898: gcc -c -g -O2  conftest.c >&5
configure:3904: $? = 0
configure:3907: test -z 			 || test ! -s conftest.err
configure:3910: $? = 0
configure:3913: test -s conftest.o
configure:3916: $? = 0
configure:3927: result: yes
configure:3882: checking for unistd.h
configure:3898: gcc -c -g -O2  conftest.c >&5
configure:3904: $? = 0
configure:3907: test -z 			 || test ! -s conftest.err
configure:3910: $? = 0
configure:3913: test -s conftest.o
configure:3916: $? = 0
configure:3927: result: yes
configure:3939: checking for uint16_t
configure:3963: gcc -c -g -O2  conftest.c >&5
configure:3969: $? = 0
configure:3972: test -z 			 || test ! -s conftest.err
configure:3975: $? = 0
configure:3978: test -s conftest.o
configure:3981: $? = 0
configure:3992: result: yes
configure:4003: checking for u_int16_t
configure:4027: gcc -c -g -O2  conftest.c >&5
configure:4033: $? = 0
configure:4036: test -z 			 || test ! -s conftest.err
configure:4039: $? = 0
configure:4042: test -s conftest.o
configure:4045: $? = 0
configure:4056: result: yes
configure:4067: checking for __uint16
configure:4091: gcc -c -g -O2  conftest.c >&5
conftest.c: In function 'main':
conftest.c:65: error: '__uint16' undeclared (first use in this function)
conftest.c:65: error: (Each undeclared identifier is reported only once
conftest.c:65: error: for each function it appears in.)
conftest.c:65: error: syntax error before ')' token
configure:4097: $? = 1
configure: failed program was:
| /* confdefs.h.  */
| 
| #define PACKAGE_NAME "sparsehash"
| #define PACKAGE_TARNAME "sparsehash"
| #define PACKAGE_VERSION "1.4"
| #define PACKAGE_STRING "sparsehash 1.4"
| #define PACKAGE_BUGREPORT "opensource@google.com"
| #define PACKAGE "sparsehash"
| #define VERSION "1.4"
| #ifdef __cplusplus
| extern "C" void std::exit (int); using std::exit;
| #endif
| #define STDC_HEADERS 1
| #define HAVE_MEMCPY 1
| #define HAVE_MEMMOVE 1
| #define HAVE_SYS_TYPES_H 1
| #define HAVE_SYS_STAT_H 1
| #define HAVE_STDLIB_H 1
| #define HAVE_STRING_H 1
| #define HAVE_MEMORY_H 1
| #define HAVE_STRINGS_H 1
| #define HAVE_INTTYPES_H 1
| #define HAVE_STDINT_H 1
| #define HAVE_UNISTD_H 1
| #define HAVE_UINT16_T 1
| #define HAVE_U_INT16_T 1
| /* end confdefs.h.  */
| #include <stdio.h>
| #if HAVE_SYS_TYPES_H
| # include <sys/types.h>
| #endif
| #if HAVE_SYS_STAT_H
| # include <sys/stat.h>
| #endif
| #if STDC_HEADERS
| # include <stdlib.h>
| # include <stddef.h>
| #else
| # if HAVE_STDLIB_H
| #  include <stdlib.h>
| # endif
| #endif
| #if HAVE_STRING_H
| # if !STDC_HEADERS && HAVE_MEMORY_H
| #  include <memory.h>
| # endif
| # include <string.h>
| #endif
| #if HAVE_STRINGS_H
| # include <strings.h>
| #endif
| #if HAVE_INTTYPES_H
| # include <inttypes.h>
| #else
| # if HAVE_STDINT_H
| #  include <stdint.h>
| # endif
| #endif
| #if HAVE_UNISTD_H
| # include <unistd.h>
| #endif
| int
| main ()
| {
| if ((__uint16 *) 0)
|   return 0;
| if (sizeof (__uint16))
|   return 0;
|   ;
|   return 0;
| }
configure:4120: result: no
configure:4131: checking for long long
configure:4155: gcc -c -g -O2  conftest.c >&5
configure:4161: $? = 0
configure:4164: test -z 			 || test ! -s conftest.err
configure:4167: $? = 0
configure:4170: test -s conftest.o
configure:4173: $? = 0
configure:4184: result: yes
configure:4214: checking sys/resource.h usability
configure:4226: gcc -c -g -O2  conftest.c >&5
configure:4232: $? = 0
configure:4235: test -z 			 || test ! -s conftest.err
configure:4238: $? = 0
configure:4241: test -s conftest.o
configure:4244: $? = 0
configure:4254: result: yes
configure:4258: checking sys/resource.h presence
configure:4268: gcc -E  conftest.c
configure:4274: $? = 0
configure:4294: result: yes
configure:4329: checking for sys/resource.h
configure:4336: result: yes
configure:4205: checking for unistd.h
configure:4210: result: yes
configure:4214: checking sys/time.h usability
configure:4226: gcc -c -g -O2  conftest.c >&5
configure:4232: $? = 0
configure:4235: test -z 			 || test ! -s conftest.err
configure:4238: $? = 0
configure:4241: test -s conftest.o
configure:4244: $? = 0
configure:4254: result: yes
configure:4258: checking sys/time.h presence
configure:4268: gcc -E  conftest.c
configure:4274: $? = 0
configure:4294: result: yes
configure:4329: checking for sys/time.h
configure:4336: result: yes
configure:4214: checking sys/utsname.h usability
configure:4226: gcc -c -g -O2  conftest.c >&5
configure:4232: $? = 0
configure:4235: test -z 			 || test ! -s conftest.err
configure:4238: $? = 0
configure:4241: test -s conftest.o
configure:4244: $? = 0
configure:4254: result: yes
configure:4258: checking sys/utsname.h presence
configure:4268: gcc -E  conftest.c
configure:4274: $? = 0
configure:4294: result: yes
configure:4329: checking for sys/utsname.h
configure:4336: result: yes
configure:4365: checking how to run the C++ preprocessor
configure:4396: g++ -E  conftest.cc
configure:4402: $? = 0
configure:4434: g++ -E  conftest.cc
conftest.cc:33:28: error: ac_nonexistent.h: No such file or directory
configure:4440: $? = 1
configure: failed program was:
| /* confdefs.h.  */
| 
| #define PACKAGE_NAME "sparsehash"
| #define PACKAGE_TARNAME "sparsehash"
| #define PACKAGE_VERSION "1.4"
| #define PACKAGE_STRING "sparsehash 1.4"
| #define PACKAGE_BUGREPORT "opensource@google.com"
| #define PACKAGE "sparsehash"
| #define VERSION "1.4"
| #ifdef __cplusplus
| extern "C" void std::exit (int); using std::exit;
| #endif
| #define STDC_HEADERS 1
| #define HAVE_MEMCPY 1
| #define HAVE_MEMMOVE 1
| #define HAVE_SYS_TYPES_H 1
| #define HAVE_SYS_STAT_H 1
| #define HAVE_STDLIB_H 1
| #define HAVE_STRING_H 1
| #define HAVE_MEMORY_H 1
| #define HAVE_STRINGS_H 1
| #define HAVE_INTTYPES_H 1
| #define HAVE_STDINT_H 1
| #define HAVE_UNISTD_H 1
| #define HAVE_UINT16_T 1
| #define HAVE_U_INT16_T 1
| #define HAVE_LONG_LONG 1
| #define HAVE_SYS_RESOURCE_H 1
| #define HAVE_UNISTD_H 1
| #define HAVE_SYS_TIME_H 1
| #define HAVE_SYS_UTSNAME_H 1
| /* end confdefs.h.  */
| #include <ac_nonexistent.h>
configure:4479: result: g++ -E
configure:4503: g++ -E  conftest.cc
configure:4509: $? = 0
configure:4541: g++ -E  conftest.cc
conftest.cc:33:28: error: ac_nonexistent.h: No such file or directory
configure:4547: $? = 1
configure: failed program was:
| /* confdefs.h.  */
| 
| #define PACKAGE_NAME "sparsehash"
| #define PACKAGE_TARNAME "sparsehash"
| #define PACKAGE_VERSION "1.4"
| #define PACKAGE_STRING "sparsehash 1.4"
| #define PACKAGE_BUGREPORT "opensource@google.com"
| #define PACKAGE "sparsehash"
| #define VERSION "1.4"
| #ifdef __cplusplus
| extern "C" void std::exit (int); using std::exit;
| #endif
| #define STDC_HEADERS 1
| #define HAVE_MEMCPY 1
| #define HAVE_MEMMOVE 1
| #define HAVE_SYS_TYPES_H 1
| #define HAVE_SYS_STAT_H 1
| #define HAVE_STDLIB_H 1
| #define HAVE_STRING_H 1
| #define HAVE_MEMORY_H 1
| #define HAVE_STRINGS_H 1
| #define HAVE_INTTYPES_H 1
| #define HAVE_STDINT_H 1
| #define HAVE_UNISTD_H 1
| #define HAVE_UINT16_T 1
| #define HAVE_U_INT16_T 1
| #define HAVE_LONG_LONG 1
| #define HAVE_SYS_RESOURCE_H 1
| #define HAVE_UNISTD_H 1
| #define HAVE_SYS_TIME_H 1
| #define HAVE_SYS_UTSNAME_H 1
| /* end confdefs.h.  */
| #include <ac_nonexistent.h>
configure:4605: checking google/malloc_extension.h usability
configure:4617: g++ -c -g -O2  conftest.cc >&5
conftest.cc:67:37: error: google/malloc_extension.h: No such file or directory
configure:4623: $? = 1
configure: failed program was:
| /* confdefs.h.  */
| 
| #define PACKAGE_NAME "sparsehash"
| #define PACKAGE_TARNAME "sparsehash"
| #define PACKAGE_VERSION "1.4"
| #define PACKAGE_STRING "sparsehash 1.4"
| #define PACKAGE_BUGREPORT "opensource@google.com"
| #define PACKAGE "sparsehash"
| #define VERSION "1.4"
| #ifdef __cplusplus
| extern "C" void std::exit (int); using std::exit;
| #endif
| #define STDC_HEADERS 1
| #define HAVE_MEMCPY 1
| #define HAVE_MEMMOVE 1
| #define HAVE_SYS_TYPES_H 1
| #define HAVE_SYS_STAT_H 1
| #define HAVE_STDLIB_H 1
| #define HAVE_STRING_H 1
| #define HAVE_MEMORY_H 1
| #define HAVE_STRINGS_H 1
| #define HAVE_INTTYPES_H 1
| #define HAVE_STDINT_H 1
| #define HAVE_UNISTD_H 1
| #define HAVE_UINT16_T 1
| #define HAVE_U_INT16_T 1
| #define HAVE_LONG_LONG 1
| #define HAVE_SYS_RESOURCE_H 1
| #define HAVE_UNISTD_H 1
| #define HAVE_SYS_TIME_H 1
| #define HAVE_SYS_UTSNAME_H 1
| /* end confdefs.h.  */
| #include <stdio.h>
| #if HAVE_SYS_TYPES_H
| # include <sys/types.h>
| #endif
| #if HAVE_SYS_STAT_H
| # include <sys/stat.h>
| #endif
| #if STDC_HEADERS
| # include <stdlib.h>
| # include <stddef.h>
| #else
| # if HAVE_STDLIB_H
| #  include <stdlib.h>
| # endif
| #endif
| #if HAVE_STRING_H
| # if !STDC_HEADERS && HAVE_MEMORY_H
| #  include <memory.h>
| # endif
| # include <string.h>
| #endif
| #if HAVE_STRINGS_H
| # include <strings.h>
| #endif
| #if HAVE_INTTYPES_H
| # include <inttypes.h>
| #else
| # if HAVE_STDINT_H
| #  include <stdint.h>
| # endif
| #endif
| #if HAVE_UNISTD_H
| # include <unistd.h>
| #endif
| #include <google/malloc_extension.h>
configure:4645: result: no
configure:4649: checking google/malloc_extension.h presence
configure:4659: g++ -E  conftest.cc
conftest.cc:33:37: error: google/malloc_extension.h: No such file or directory
configure:4665: $? = 1
configure: failed program was:
| /* confdefs.h.  */
| 
| #define PACKAGE_NAME "sparsehash"
| #define PACKAGE_TARNAME "sparsehash"
| #define PACKAGE_VERSION "1.4"
| #define PACKAGE_STRING "sparsehash 1.4"
| #define PACKAGE_BUGREPORT "opensource@google.com"
| #define PACKAGE "sparsehash"
| #define VERSION "1.4"
| #ifdef __cplusplus
| extern "C" void std::exit (int); using std::exit;
| #endif
| #define STDC_HEADERS 1
| #define HAVE_MEMCPY 1
| #define HAVE_MEMMOVE 1
| #define HAVE_SYS_TYPES_H 1
| #define HAVE_SYS_STAT_H 1
| #define HAVE_STDLIB_H 1
| #define HAVE_STRING_H 1
| #define HAVE_MEMORY_H 1
| #define HAVE_STRINGS_H 1
| #define HAVE_INTTYPES_H 1
| #define HAVE_STDINT_H 1
| #define HAVE_UNISTD_H 1
| #define HAVE_UINT16_T 1
| #define HAVE_U_INT16_T 1
| #define HAVE_LONG_LONG 1
| #define HAVE_SYS_RESOURCE_H 1
| #define HAVE_UNISTD_H 1
| #define HAVE_SYS_TIME_H 1
| #define HAVE_SYS_UTSNAME_H 1
| /* end confdefs.h.  */
| #include <google/malloc_extension.h>
configure:4685: result: no
configure:4720: checking for google/malloc_extension.h
configure:4727: result: no
configure:5524: checking whether the compiler implements namespaces
configure:5554: g++ -c -g -O2  conftest.cc >&5
configure:5560: $? = 0
configure:5563: test -z 			 || test ! -s conftest.err
configure:5566: $? = 0
configure:5569: test -s conftest.o
configure:5572: $? = 0
configure:5589: result: yes
configure:5599: checking the location of hash_map
configure:5629: g++ -c -g -O2  conftest.cc >&5
configure:5635: $? = 0
configure:5638: test -z 			 || test ! -s conftest.err
configure:5641: $? = 0
configure:5644: test -s conftest.o
configure:5647: $? = 0
configure:5687: result: <ext/hash_map>
configure:5697: checking how to include hash_fun directly
configure:5729: g++ -c -g -O2  conftest.cc >&5
configure:5735: $? = 0
configure:5738: test -z 			 || test ! -s conftest.err
configure:5741: $? = 0
configure:5744: test -s conftest.o
configure:5747: $? = 0
configure:5776: result: <ext/hash_fun.h>
configure:5782: checking what namespace STL code is in
configure:5812: g++ -c -g -O2  conftest.cc >&5
conftest.cc: In function 'int main()':
conftest.cc:45: error: 'vector' was not declared in this scope
conftest.cc:45: error: expected primary-expression before 'int'
conftest.cc:45: error: expected `;' before 'int'
configure:5818: $? = 1
configure: failed program was:
| /* confdefs.h.  */
| 
| #define PACKAGE_NAME "sparsehash"
| #define PACKAGE_TARNAME "sparsehash"
| #define PACKAGE_VERSION "1.4"
| #define PACKAGE_STRING "sparsehash 1.4"
| #define PACKAGE_BUGREPORT "opensource@google.com"
| #define PACKAGE "sparsehash"
| #define VERSION "1.4"
| #ifdef __cplusplus
| extern "C" void std::exit (int); using std::exit;
| #endif
| #define STDC_HEADERS 1
| #define HAVE_MEMCPY 1
| #define HAVE_MEMMOVE 1
| #define HAVE_SYS_TYPES_H 1
| #define HAVE_SYS_STAT_H 1
| #define HAVE_STDLIB_H 1
| #define HAVE_STRING_H 1
| #define HAVE_MEMORY_H 1
| #define HAVE_STRINGS_H 1
| #define HAVE_INTTYPES_H 1
| #define HAVE_STDINT_H 1
| #define HAVE_UNISTD_H 1
| #define HAVE_UINT16_T 1
| #define HAVE_U_INT16_T 1
| #define HAVE_LONG_LONG 1
| #define HAVE_SYS_RESOURCE_H 1
| #define HAVE_UNISTD_H 1
| #define HAVE_SYS_TIME_H 1
| #define HAVE_SYS_UTSNAME_H 1
| #define HAVE_NAMESPACES 1
| #define HAVE_HASH_MAP 1
| #define HAVE_HASH_SET 1
| #define HASH_MAP_H <ext/hash_map>
| #define HASH_SET_H <ext/hash_set>
| #define HASH_NAMESPACE __gnu_cxx
| #define HASH_FUN_H <ext/hash_fun.h>
| #define HASH_NAMESPACE __gnu_cxx
| /* end confdefs.h.  */
| #include <vector>
| int
| main ()
| {
| vector<int> t; return 0;
|   ;
|   return 0;
| }
configure:5855: g++ -c -g -O2  conftest.cc >&5
configure:5861: $? = 0
configure:5864: test -z 			 || test ! -s conftest.err
configure:5867: $? = 0
configure:5870: test -s conftest.o
configure:5873: $? = 0
configure:5889: result: std
configure:6089: creating ./config.status

## ---------------------- ##
## Running config.status. ##
## ---------------------- ##

This file was extended by sparsehash config.status 1.4, which was
generated by GNU Autoconf 2.59.  Invocation command line was

  CONFIG_FILES    = 
  CONFIG_HEADERS  = 
  CONFIG_LINKS    = 
  CONFIG_COMMANDS = 
  $ ./config.status 

on rhenna-3.local

config.status:751: creating Makefile
config.status:817: creating src/config.h
config.status:987: src/config.h is unchanged
config.status:1167: executing depfiles commands

## ---------------- ##
## Cache variables. ##
## ---------------- ##

ac_cv_c_compiler_gnu=yes
ac_cv_cxx_compiler_gnu=yes
ac_cv_cxx_hash_map='<ext/hash_map>'
ac_cv_cxx_hash_namespace=__gnu_cxx
ac_cv_cxx_hash_set='<ext/hash_set>'
ac_cv_cxx_namespaces=yes
ac_cv_cxx_stl_hash_fun='<ext/hash_fun.h>'
ac_cv_cxx_stl_namespace=std
ac_cv_env_CC_set=
ac_cv_env_CC_value=
ac_cv_env_CFLAGS_set=
ac_cv_env_CFLAGS_value=
ac_cv_env_CPPFLAGS_set=
ac_cv_env_CPPFLAGS_value=
ac_cv_env_CPP_set=
ac_cv_env_CPP_value=
ac_cv_env_CXXCPP_set=
ac_cv_env_CXXCPP_value=
ac_cv_env_CXXFLAGS_set=
ac_cv_env_CXXFLAGS_value=
ac_cv_env_CXX_set=
ac_cv_env_CXX_value=
ac_cv_env_LDFLAGS_set=
ac_cv_env_LDFLAGS_value=
ac_cv_env_build_alias_set=
ac_cv_env_build_alias_value=
ac_cv_env_host_alias_set=
ac_cv_env_host_alias_value=
ac_cv_env_target_alias_set=
ac_cv_env_target_alias_value=
ac_cv_exeext=
ac_cv_func_memcpy=yes
ac_cv_func_memmove=yes
ac_cv_header_google_malloc_extension_h=no
ac_cv_header_inttypes_h=yes
ac_cv_header_memory_h=yes
ac_cv_header_stdc=yes
ac_cv_header_stdint_h=yes
ac_cv_header_stdlib_h=yes
ac_cv_header_string_h=yes
ac_cv_header_strings_h=yes
ac_cv_header_sys_resource_h=yes
ac_cv_header_sys_stat_h=yes
ac_cv_header_sys_time_h=yes
ac_cv_header_sys_types_h=yes
ac_cv_header_sys_utsname_h=yes
ac_cv_header_unistd_h=yes
ac_cv_objext=o
ac_cv_path_install='/usr/bin/install -c'
ac_cv_prog_AWK=awk
ac_cv_prog_CPP='gcc -E'
ac_cv_prog_CXXCPP='g++ -E'
ac_cv_prog_ac_ct_CC=gcc
ac_cv_prog_ac_ct_CXX=g++
ac_cv_prog_cc_g=yes
ac_cv_prog_cc_stdc=
ac_cv_prog_cxx_g=yes
ac_cv_prog_egrep='grep -E'
ac_cv_prog_make_make_set=yes
ac_cv_type___uint16=no
ac_cv_type_long_long=yes
ac_cv_type_u_int16_t=yes
ac_cv_type_uint16_t=yes
am_cv_CC_dependencies_compiler_type=gcc3
am_cv_CXX_dependencies_compiler_type=gcc3

## ----------------- ##
## Output variables. ##
## ----------------- ##

ACLOCAL='aclocal-1.9'
AMDEPBACKSLASH='\'
AMDEP_FALSE='#'
AMDEP_TRUE=''
AMTAR='tar'
AUTOCONF='autoconf'
AUTOHEADER='autoheader'
AUTOMAKE='automake-1.9'
AWK='awk'
CC='gcc'
CCDEPMODE='depmode=gcc3'
CFLAGS='-g -O2'
CPP='gcc -E'
CPPFLAGS=''
CXX='g++'
CXXCPP='g++ -E'
CXXDEPMODE='depmode=gcc3'
CXXFLAGS='-g -O2'
CYGPATH_W='echo'
DEFS='-DHAVE_CONFIG_H'
DEPDIR='.deps'
ECHO_C='ECHO_N=''
ECHO_T=''
EGREP='grep -E'
EXEEXT=''
GCC_FALSE='#'
GCC_TRUE=''
INSTALL_DATA='${INSTALL} -m 644'
INSTALL_PROGRAM='${INSTALL}'
INSTALL_SCRIPT='${INSTALL}'
INSTALL_STRIP_PROGRAM='${SHELL} $(install_sh) -c -s'
LDFLAGS=''
LIBOBJS=''
LIBS=''
LTLIBOBJS=''
MAKEINFO='makeinfo'
OBJEXT='o'
PACKAGE='sparsehash'
PACKAGE_BUGREPORT='opensource@google.com'
PACKAGE_NAME='sparsehash'
PACKAGE_STRING='sparsehash 1.4'
PACKAGE_TARNAME='sparsehash'
PACKAGE_VERSION='1.4'
PATH_SEPARATOR=':'
PTHREAD_CC=''
PTHREAD_CFLAGS=''
PTHREAD_LIBS=''
SET_MAKE=''
SHELL='/bin/sh'
STRIP=''
VERSION='1.4'
ac_ct_CC='gcc'
ac_ct_CXX='g++'
ac_ct_STRIP=''
acx_pthread_config=''
am__fastdepCC_FALSE='#'
am__fastdepCC_TRUE=''
am__fastdepCXX_FALSE='#'
am__fastdepCXX_TRUE=''
am__include='include'
am__leading_dot='.'
am__quote=''
am__tar='${AMTAR} chof - "$$tardir"'
am__untar='${AMTAR} xf -'
bindir='${exec_prefix}/bin'
build=''
build_alias=''
build_cpu=''
build_os=''
build_vendor=''
datadir='${prefix}/share'
exec_prefix='${prefix}'
host=''
host_alias=''
host_cpu=''
host_os=''
host_vendor=''
includedir='${prefix}/include'
infodir='${prefix}/info'
install_sh='/Users/rhenna/Documents/school/n-player se/sparsehash-1.4/install-sh'
libdir='${exec_prefix}/lib'
libexecdir='${exec_prefix}/libexec'
localstatedir='${prefix}/var'
mandir='${prefix}/man'
mkdir_p='$(mkinstalldirs)'
oldincludedir='/usr/include'
prefix='/Users/rhenna/Documents/school/n-player se/'
program_transform_name='s,x,x,'
sbindir='${exec_prefix}/sbin'
sharedstatedir='${prefix}/com'
sysconfdir='${prefix}/etc'
target_alias=''
tcmalloc_flags=''
tcmalloc_libs=''

## ----------- ##
## confdefs.h. ##
## ----------- ##

#define GOOGLE_NAMESPACE ::google
#define HASH_FUN_H <ext/hash_fun.h>
#define HASH_MAP_H <ext/hash_map>
#define HASH_NAMESPACE __gnu_cxx
#define HASH_NAMESPACE __gnu_cxx
#define HASH_SET_H <ext/hash_set>
#define HAVE_HASH_MAP 1
#define HAVE_HASH_SET 1
#define HAVE_INTTYPES_H 1
#define HAVE_LONG_LONG 1
#define HAVE_MEMCPY 1
#define HAVE_MEMMOVE 1
#define HAVE_MEMORY_H 1
#define HAVE_NAMESPACES 1
#define HAVE_STDINT_H 1
#define HAVE_STDLIB_H 1
#define HAVE_STRINGS_H 1
#define HAVE_STRING_H 1
#define HAVE_SYS_RESOURCE_H 1
#define HAVE_SYS_STAT_H 1
#define HAVE_SYS_TIME_H 1
#define HAVE_SYS_TYPES_H 1
#define HAVE_SYS_UTSNAME_H 1
#define HAVE_UINT16_T 1
#define HAVE_UNISTD_H 1
#define HAVE_UNISTD_H 1
#define HAVE_U_INT16_T 1
#define PACKAGE "sparsehash"
#define PACKAGE_BUGREPORT "opensource@google.com"
#define PACKAGE_NAME "sparsehash"
#define PACKAGE_STRING "sparsehash 1.4"
#define PACKAGE_TARNAME "sparsehash"
#define PACKAGE_VERSION "1.4"
#define SPARSEHASH_HASH HASH_NAMESPACE::hash
#define SPARSEHASH_HASH_NO_NAMESPACE hash
#define STDC_HEADERS 1
#define STL_NAMESPACE std
#define VERSION "1.4"
#define _END_GOOGLE_NAMESPACE_ }
#define _START_GOOGLE_NAMESPACE_ namespace google {
#endif
#ifdef __cplusplus
extern "C" void std::exit (int); using std::exit;

configure: exit 0
